# JRE version: OpenJDK Runtime Environment (8.0_152-b06) (build 1.8.0_152-release-1136-b06)
# Java VM: OpenJDK 64-Bit Server VM (25.152-b06 mixed mode windows-amd64 compressed oops)
Heap:
 PSYoungGen      total 342528K, used 27584K [0x00000000e0000000, 0x00000000f9c80000, 0x0000000100000000)
  eden space 303104K, 8% used [0x00000000e0000000,0x00000000e190e9c0,0x00000000f2800000)
  from space 39424K, 4% used [0x00000000f5080000,0x00000000f5261978,0x00000000f7700000)
  to   space 41472K, 0% used [0x00000000f2800000,0x00000000f2800000,0x00000000f5080000)
 ParOldGen       total 89600K, used 72605K [0x00000000a0000000, 0x00000000a5780000, 0x00000000e0000000)
  object space 89600K, 81% used [0x00000000a0000000,0x00000000a46e74e8,0x00000000a5780000)
 Metaspace       used 93128K, capacity 97896K, committed 98048K, reserved 1134592K
  class space    used 11678K, capacity 12694K, committed 12800K, reserved 1048576K
GC Heap History (10 events):
Event: 1230.899 GC heap before
{Heap before GC invocations=41 (full 3):
 PSYoungGen      total 252928K, used 216348K [0x00000000e0000000, 0x00000000f4c80000, 0x0000000100000000)
  eden space 210432K, 100% used [0x00000000e0000000,0x00000000ecd80000,0x00000000ecd80000)
  from space 42496K, 13% used [0x00000000ecd80000,0x00000000ed3471a0,0x00000000ef700000)
  to   space 43008K, 0% used [0x00000000f2280000,0x00000000f2280000,0x00000000f4c80000)
 ParOldGen       total 89600K, used 69627K [0x00000000a0000000, 0x00000000a5780000, 0x00000000e0000000)
  object space 89600K, 77% used [0x00000000a0000000,0x00000000a43feef8,0x00000000a5780000)
 Metaspace       used 92728K, capacity 97506K, committed 97664K, reserved 1134592K
  class space    used 11668K, capacity 12655K, committed 12672K, reserved 1048576K
Event: 1230.925 GC heap after
Heap after GC invocations=41 (full 3):
 PSYoungGen      total 295424K, used 3899K [0x00000000e0000000, 0x00000000f4c00000, 0x0000000100000000)
  eden space 252928K, 0% used [0x00000000e0000000,0x00000000e0000000,0x00000000ef700000)
  from space 42496K, 9% used [0x00000000f2280000,0x00000000f264ec28,0x00000000f4c00000)
  to   space 43520K, 0% used [0x00000000ef700000,0x00000000ef700000,0x00000000f2180000)
 ParOldGen       total 89600K, used 69709K [0x00000000a0000000, 0x00000000a5780000, 0x00000000e0000000)
  object space 89600K, 77% used [0x00000000a0000000,0x00000000a4413418,0x00000000a5780000)
 Metaspace       used 92728K, capacity 97506K, committed 97664K, reserved 1134592K
  class space    used 11668K, capacity 12655K, committed 12672K, reserved 1048576K
}
Event: 1232.926 GC heap before
{Heap before GC invocations=42 (full 3):
 PSYoungGen      total 295424K, used 256827K [0x00000000e0000000, 0x00000000f4c00000, 0x0000000100000000)
  eden space 252928K, 100% used [0x00000000e0000000,0x00000000ef700000,0x00000000ef700000)
  from space 42496K, 9% used [0x00000000f2280000,0x00000000f264ec28,0x00000000f4c00000)
  to   space 43520K, 0% used [0x00000000ef700000,0x00000000ef700000,0x00000000f2180000)
 ParOldGen       total 89600K, used 69709K [0x00000000a0000000, 0x00000000a5780000, 0x00000000e0000000)
  object space 89600K, 77% used [0x00000000a0000000,0x00000000a4413418,0x00000000a5780000)
 Metaspace       used 92827K, capacity 97570K, committed 97664K, reserved 1134592K
  class space    used 11668K, capacity 12655K, committed 12672K, reserved 1048576K
Event: 1232.945 GC heap after
Heap after GC invocations=42 (full 3):
 PSYoungGen      total 296448K, used 3829K [0x00000000e0000000, 0x00000000f7b00000, 0x0000000100000000)
  eden space 252928K, 0% used [0x00000000e0000000,0x00000000e0000000,0x00000000ef700000)
  from space 43520K, 8% used [0x00000000ef700000,0x00000000efabd470,0x00000000f2180000)
  to   space 43520K, 0% used [0x00000000f5080000,0x00000000f5080000,0x00000000f7b00000)
 ParOldGen       total 89600K, used 72517K [0x00000000a0000000, 0x00000000a5780000, 0x00000000e0000000)
  object space 89600K, 80% used [0x00000000a0000000,0x00000000a46d14e8,0x00000000a5780000)
 Metaspace       used 92827K, capacity 97570K, committed 97664K, reserved 1134592K
  class space    used 11668K, capacity 12655K, committed 12672K, reserved 1048576K
}
Event: 1234.598 GC heap before
{Heap before GC invocations=43 (full 3):
 PSYoungGen      total 296448K, used 256757K [0x00000000e0000000, 0x00000000f7b00000, 0x0000000100000000)
  eden space 252928K, 100% used [0x00000000e0000000,0x00000000ef700000,0x00000000ef700000)
  from space 43520K, 8% used [0x00000000ef700000,0x00000000efabd470,0x00000000f2180000)
  to   space 43520K, 0% used [0x00000000f5080000,0x00000000f5080000,0x00000000f7b00000)
 ParOldGen       total 89600K, used 72517K [0x00000000a0000000, 0x00000000a5780000, 0x00000000e0000000)
  object space 89600K, 80% used [0x00000000a0000000,0x00000000a46d14e8,0x00000000a5780000)
 Metaspace       used 92869K, capacity 97572K, committed 97664K, reserved 1134592K
  class space    used 11669K, capacity 12656K, committed 12672K, reserved 1048576K
Event: 1234.617 GC heap after
Heap after GC invocations=43 (full 3):
 PSYoungGen      total 338432K, used 3998K [0x00000000e0000000, 0x00000000f7700000, 0x0000000100000000)
  eden space 299008K, 0% used [0x00000000e0000000,0x00000000e0000000,0x00000000f2400000)
  from space 39424K, 10% used [0x00000000f5080000,0x00000000f5467838,0x00000000f7700000)
  to   space 42496K, 0% used [0x00000000f2400000,0x00000000f2400000,0x00000000f4d80000)
 ParOldGen       total 89600K, used 72573K [0x00000000a0000000, 0x00000000a5780000, 0x00000000e0000000)
  object space 89600K, 80% used [0x00000000a0000000,0x00000000a46df4e8,0x00000000a5780000)
 Metaspace       used 92869K, capacity 97572K, committed 97664K, reserved 1134592K
  class space    used 11669K, capacity 12656K, committed 12672K, reserved 1048576K
}
Event: 1237.467 GC heap before
{Heap before GC invocations=44 (full 3):
 PSYoungGen      total 338432K, used 303006K [0x00000000e0000000, 0x00000000f7700000, 0x0000000100000000)
  eden space 299008K, 100% used [0x00000000e0000000,0x00000000f2400000,0x00000000f2400000)
  from space 39424K, 10% used [0x00000000f5080000,0x00000000f5467838,0x00000000f7700000)
  to   space 42496K, 0% used [0x00000000f2400000,0x00000000f2400000,0x00000000f4d80000)
 ParOldGen       total 89600K, used 72573K [0x00000000a0000000, 0x00000000a5780000, 0x00000000e0000000)
  object space 89600K, 80% used [0x00000000a0000000,0x00000000a46df4e8,0x00000000a5780000)
 Metaspace       used 92976K, capacity 97706K, committed 97920K, reserved 1134592K
  class space    used 11670K, capacity 12657K, committed 12672K, reserved 1048576K
Event: 1237.474 GC heap after
Heap after GC invocations=44 (full 3):
 PSYoungGen      total 341504K, used 1576K [0x00000000e0000000, 0x00000000f7700000, 0x0000000100000000)
  eden space 299008K, 0% used [0x00000000e0000000,0x00000000e0000000,0x00000000f2400000)
  from space 42496K, 3% used [0x00000000f2400000,0x00000000f258a140,0x00000000f4d80000)
  to   space 39424K, 0% used [0x00000000f5080000,0x00000000f5080000,0x00000000f7700000)
 ParOldGen       total 89600K, used 72589K [0x00000000a0000000, 0x00000000a5780000, 0x00000000e0000000)
  object space 89600K, 81% used [0x00000000a0000000,0x00000000a46e34e8,0x00000000a5780000)
 Metaspace       used 92976K, capacity 97706K, committed 97920K, reserved 1134592K
  class space    used 11670K, capacity 12657K, committed 12672K, reserved 1048576K
}
Event: 1240.262 GC heap before
{Heap before GC invocations=45 (full 3):
 PSYoungGen      total 341504K, used 300584K [0x00000000e0000000, 0x00000000f7700000, 0x0000000100000000)
  eden space 299008K, 100% used [0x00000000e0000000,0x00000000f2400000,0x00000000f2400000)
  from space 42496K, 3% used [0x00000000f2400000,0x00000000f258a140,0x00000000f4d80000)
  to   space 39424K, 0% used [0x00000000f5080000,0x00000000f5080000,0x00000000f7700000)
 ParOldGen       total 89600K, used 72589K [0x00000000a0000000, 0x00000000a5780000, 0x00000000e0000000)
  object space 89600K, 81% used [0x00000000a0000000,0x00000000a46e34e8,0x00000000a5780000)
 Metaspace       used 93126K, capacity 97896K, committed 98048K, reserved 1134592K
  class space    used 11678K, capacity 12694K, committed 12800K, reserved 1048576K
Event: 1240.272 GC heap after
Heap after GC invocations=45 (full 3):
 PSYoungGen      total 342528K, used 1926K [0x00000000e0000000, 0x00000000f9c80000, 0x0000000100000000)
  eden space 303104K, 0% used [0x00000000e0000000,0x00000000e0000000,0x00000000f2800000)
  from space 39424K, 4% used [0x00000000f5080000,0x00000000f5261978,0x00000000f7700000)
  to   space 41472K, 0% used [0x00000000f2800000,0x00000000f2800000,0x00000000f5080000)
 ParOldGen       total 89600K, used 72605K [0x00000000a0000000, 0x00000000a5780000, 0x00000000e0000000)
  object space 89600K, 81% used [0x00000000a0000000,0x00000000a46e74e8,0x00000000a5780000)
 Metaspace       used 93126K, capacity 97896K, committed 98048K, reserved 1134592K
  class space    used 11678K, capacity 12694K, committed 12800K, reserved 1048576K
}

