# JRE version: OpenJDK Runtime Environment (8.0_152-b06) (build 1.8.0_152-release-1136-b06)
# Java VM: OpenJDK 64-Bit Server VM (25.152-b06 mixed mode windows-amd64 compressed oops)
Heap:
 PSYoungGen      total 208384K, used 13862K [0x00000000e0000000, 0x00000000eee80000, 0x0000000100000000)
  eden space 190976K, 5% used [0x00000000e0000000,0x00000000e0a3c8d0,0x00000000eba80000)
  from space 17408K, 19% used [0x00000000eba80000,0x00000000ebdcd008,0x00000000ecb80000)
  to   space 17408K, 0% used [0x00000000edd80000,0x00000000edd80000,0x00000000eee80000)
 ParOldGen       total 100352K, used 89552K [0x00000000a0000000, 0x00000000a6200000, 0x00000000e0000000)
  object space 100352K, 89% used [0x00000000a0000000,0x00000000a57741b8,0x00000000a6200000)
 Metaspace       used 86372K, capacity 90356K, committed 90672K, reserved 1128448K
  class space    used 11153K, capacity 11970K, committed 12080K, reserved 1048576K
GC Heap History (10 events):
Event: 211.815 GC heap before
{Heap before GC invocations=40 (full 3):
 PSYoungGen      total 160768K, used 149137K [0x00000000e0000000, 0x00000000eae80000, 0x0000000100000000)
  eden space 145920K, 99% used [0x00000000e0000000,0x00000000e8dbfa38,0x00000000e8e80000)
  from space 14848K, 26% used [0x00000000ea000000,0x00000000ea3e4b98,0x00000000eae80000)
  to   space 16384K, 0% used [0x00000000e8e80000,0x00000000e8e80000,0x00000000e9e80000)
 ParOldGen       total 100352K, used 79241K [0x00000000a0000000, 0x00000000a6200000, 0x00000000e0000000)
  object space 100352K, 78% used [0x00000000a0000000,0x00000000a4d62798,0x00000000a6200000)
 Metaspace       used 84058K, capacity 87828K, committed 88112K, reserved 1126400K
  class space    used 11003K, capacity 11820K, committed 11824K, reserved 1048576K
Event: 211.821 GC heap after
Heap after GC invocations=40 (full 3):
 PSYoungGen      total 162304K, used 1036K [0x00000000e0000000, 0x00000000ec800000, 0x0000000100000000)
  eden space 145920K, 0% used [0x00000000e0000000,0x00000000e0000000,0x00000000e8e80000)
  from space 16384K, 6% used [0x00000000e8e80000,0x00000000e8f83270,0x00000000e9e80000)
  to   space 16384K, 0% used [0x00000000eb800000,0x00000000eb800000,0x00000000ec800000)
 ParOldGen       total 100352K, used 80075K [0x00000000a0000000, 0x00000000a6200000, 0x00000000e0000000)
  object space 100352K, 79% used [0x00000000a0000000,0x00000000a4e32f40,0x00000000a6200000)
 Metaspace       used 84058K, capacity 87828K, committed 88112K, reserved 1126400K
  class space    used 11003K, capacity 11820K, committed 11824K, reserved 1048576K
}
Event: 364.579 GC heap before
{Heap before GC invocations=41 (full 3):
 PSYoungGen      total 162304K, used 146956K [0x00000000e0000000, 0x00000000ec800000, 0x0000000100000000)
  eden space 145920K, 100% used [0x00000000e0000000,0x00000000e8e80000,0x00000000e8e80000)
  from space 16384K, 6% used [0x00000000e8e80000,0x00000000e8f83270,0x00000000e9e80000)
  to   space 16384K, 0% used [0x00000000eb800000,0x00000000eb800000,0x00000000ec800000)
 ParOldGen       total 100352K, used 80075K [0x00000000a0000000, 0x00000000a6200000, 0x00000000e0000000)
  object space 100352K, 79% used [0x00000000a0000000,0x00000000a4e32f40,0x00000000a6200000)
 Metaspace       used 85033K, capacity 88880K, committed 89008K, reserved 1126400K
  class space    used 11126K, capacity 11930K, committed 11952K, reserved 1048576K
Event: 364.607 GC heap after
Heap after GC invocations=41 (full 3):
 PSYoungGen      total 185344K, used 11355K [0x00000000e0000000, 0x00000000ec780000, 0x0000000100000000)
  eden space 169472K, 0% used [0x00000000e0000000,0x00000000e0000000,0x00000000ea580000)
  from space 15872K, 71% used [0x00000000eb800000,0x00000000ec316d30,0x00000000ec780000)
  to   space 17408K, 0% used [0x00000000ea580000,0x00000000ea580000,0x00000000eb680000)
 ParOldGen       total 100352K, used 80319K [0x00000000a0000000, 0x00000000a6200000, 0x00000000e0000000)
  object space 100352K, 80% used [0x00000000a0000000,0x00000000a4e6fc88,0x00000000a6200000)
 Metaspace       used 85033K, capacity 88880K, committed 89008K, reserved 1126400K
  class space    used 11126K, capacity 11930K, committed 11952K, reserved 1048576K
}
Event: 398.883 GC heap before
{Heap before GC invocations=42 (full 3):
 PSYoungGen      total 185344K, used 180617K [0x00000000e0000000, 0x00000000ec780000, 0x0000000100000000)
  eden space 169472K, 99% used [0x00000000e0000000,0x00000000ea54b940,0x00000000ea580000)
  from space 15872K, 71% used [0x00000000eb800000,0x00000000ec316d30,0x00000000ec780000)
  to   space 17408K, 0% used [0x00000000ea580000,0x00000000ea580000,0x00000000eb680000)
 ParOldGen       total 100352K, used 80319K [0x00000000a0000000, 0x00000000a6200000, 0x00000000e0000000)
  object space 100352K, 80% used [0x00000000a0000000,0x00000000a4e6fc88,0x00000000a6200000)
 Metaspace       used 85514K, capacity 89442K, committed 89520K, reserved 1126400K
  class space    used 11133K, capacity 11937K, committed 11952K, reserved 1048576K
Event: 398.910 GC heap after
Heap after GC invocations=42 (full 3):
 PSYoungGen      total 186880K, used 6143K [0x00000000e0000000, 0x00000000edd80000, 0x0000000100000000)
  eden space 169472K, 0% used [0x00000000e0000000,0x00000000e0000000,0x00000000ea580000)
  from space 17408K, 35% used [0x00000000ea580000,0x00000000eab7fd58,0x00000000eb680000)
  to   space 16384K, 0% used [0x00000000ecd80000,0x00000000ecd80000,0x00000000edd80000)
 ParOldGen       total 100352K, used 84121K [0x00000000a0000000, 0x00000000a6200000, 0x00000000e0000000)
  object space 100352K, 83% used [0x00000000a0000000,0x00000000a5226580,0x00000000a6200000)
 Metaspace       used 85514K, capacity 89442K, committed 89520K, reserved 1126400K
  class space    used 11133K, capacity 11937K, committed 11952K, reserved 1048576K
}
Event: 757.051 GC heap before
{Heap before GC invocations=43 (full 3):
 PSYoungGen      total 186880K, used 175615K [0x00000000e0000000, 0x00000000edd80000, 0x0000000100000000)
  eden space 169472K, 100% used [0x00000000e0000000,0x00000000ea580000,0x00000000ea580000)
  from space 17408K, 35% used [0x00000000ea580000,0x00000000eab7fd58,0x00000000eb680000)
  to   space 16384K, 0% used [0x00000000ecd80000,0x00000000ecd80000,0x00000000edd80000)
 ParOldGen       total 100352K, used 84121K [0x00000000a0000000, 0x00000000a6200000, 0x00000000e0000000)
  object space 100352K, 83% used [0x00000000a0000000,0x00000000a5226580,0x00000000a6200000)
 Metaspace       used 85937K, capacity 89920K, committed 90160K, reserved 1128448K
  class space    used 11149K, capacity 11964K, committed 12080K, reserved 1048576K
Event: 757.078 GC heap after
Heap after GC invocations=43 (full 3):
 PSYoungGen      total 206336K, used 12435K [0x00000000e0000000, 0x00000000edc80000, 0x0000000100000000)
  eden space 190976K, 0% used [0x00000000e0000000,0x00000000e0000000,0x00000000eba80000)
  from space 15360K, 80% used [0x00000000ecd80000,0x00000000ed9a4fc8,0x00000000edc80000)
  to   space 17408K, 0% used [0x00000000eba80000,0x00000000eba80000,0x00000000ecb80000)
 ParOldGen       total 100352K, used 85966K [0x00000000a0000000, 0x00000000a6200000, 0x00000000e0000000)
  object space 100352K, 85% used [0x00000000a0000000,0x00000000a53f3950,0x00000000a6200000)
 Metaspace       used 85937K, capacity 89920K, committed 90160K, reserved 1128448K
  class space    used 11149K, capacity 11964K, committed 12080K, reserved 1048576K
}
Event: 788.730 GC heap before
{Heap before GC invocations=44 (full 3):
 PSYoungGen      total 206336K, used 203308K [0x00000000e0000000, 0x00000000edc80000, 0x0000000100000000)
  eden space 190976K, 99% used [0x00000000e0000000,0x00000000eba66078,0x00000000eba80000)
  from space 15360K, 80% used [0x00000000ecd80000,0x00000000ed9a4fc8,0x00000000edc80000)
  to   space 17408K, 0% used [0x00000000eba80000,0x00000000eba80000,0x00000000ecb80000)
 ParOldGen       total 100352K, used 85966K [0x00000000a0000000, 0x00000000a6200000, 0x00000000e0000000)
  object space 100352K, 85% used [0x00000000a0000000,0x00000000a53f3950,0x00000000a6200000)
 Metaspace       used 86370K, capacity 90356K, committed 90672K, reserved 1128448K
  class space    used 11153K, capacity 11970K, committed 12080K, reserved 1048576K
Event: 788.756 GC heap after
Heap after GC invocations=44 (full 3):
 PSYoungGen      total 208384K, used 3380K [0x00000000e0000000, 0x00000000eee80000, 0x0000000100000000)
  eden space 190976K, 0% used [0x00000000e0000000,0x00000000e0000000,0x00000000eba80000)
  from space 17408K, 19% used [0x00000000eba80000,0x00000000ebdcd008,0x00000000ecb80000)
  to   space 17408K, 0% used [0x00000000edd80000,0x00000000edd80000,0x00000000eee80000)
 ParOldGen       total 100352K, used 89552K [0x00000000a0000000, 0x00000000a6200000, 0x00000000e0000000)
  object space 100352K, 89% used [0x00000000a0000000,0x00000000a57741b8,0x00000000a6200000)
 Metaspace       used 86370K, capacity 90356K, committed 90672K, reserved 1128448K
  class space    used 11153K, capacity 11970K, committed 12080K, reserved 1048576K
}

